<?xml version="1.0" encoding="UTF-8"?>
<!DOCTYPE suite SYSTEM "http://testng.org/testng-1.0.dtd">
<suite name="ChromeAutomationTesting">
	<test name="All_Tests">
		<classes>
			<class name="tests.login.Login" />
		</classes>
	</test>
</suite>
