<?xml version="1.0" encoding="UTF-8"?>
<!-- Generated by org.testng.reporters.JUnitReportReporter -->
<testsuite name="tests.Login" tests="3" time="9.287" ignored="6" failures="0" timestamp="12 Jan 2017 21:57:48 GMT" skipped="0" hostname="U0088373" errors="0">
  <testcase name="login" time="3.006" classname="tests.Login"/>
  <testcase name="login" time="3.149" classname="tests.Login"/>
  <testcase name="login" time="3.132" classname="tests.Login"/>
  <testcase name="beforeSuite" classname="testUtilities.TestBase">
    <skipped/>
  </testcase> <!-- beforeSuite -->
  <testcase name="afterEverySuite" classname="testUtilities.TestBase">
    <skipped/>
  </testcase> <!-- afterEverySuite -->
  <testcase name="beforeSuite" classname="testUtilities.TestBase">
    <skipped/>
  </testcase> <!-- beforeSuite -->
  <testcase name="afterEverySuite" classname="testUtilities.TestBase">
    <skipped/>
  </testcase> <!-- afterEverySuite -->
  <testcase name="beforeSuite" classname="testUtilities.TestBase">
    <skipped/>
  </testcase> <!-- beforeSuite -->
  <testcase name="afterEverySuite" classname="testUtilities.TestBase">
    <skipped/>
  </testcase> <!-- afterEverySuite -->
</testsuite> <!-- tests.Login -->
