<?xml version="1.0" encoding="UTF-8"?>
<!-- Generated by org.testng.reporters.JUnitReportReporter -->
<testsuite name="tests.Home" tests="6" time="0.126" ignored="6" failures="0" timestamp="12 Jan 2017 21:57:48 GMT" skipped="0" hostname="U0088373" errors="0">
  <testcase name="findSearchTextBox" time="0.001" classname="tests.Home"/>
  <testcase name="findSearchTextBox" time="0.001" classname="tests.Home"/>
  <testcase name="findLogo" time="0.033" classname="tests.Home"/>
  <testcase name="findSearchTextBox" time="0.001" classname="tests.Home"/>
  <testcase name="findLogo" time="0.040" classname="tests.Home"/>
  <testcase name="findLogo" time="0.050" classname="tests.Home"/>
  <testcase name="beforeSuite" classname="testUtilities.TestBase">
    <skipped/>
  </testcase> <!-- beforeSuite -->
  <testcase name="afterEverySuite" classname="testUtilities.TestBase">
    <skipped/>
  </testcase> <!-- afterEverySuite -->
  <testcase name="beforeSuite" classname="testUtilities.TestBase">
    <skipped/>
  </testcase> <!-- beforeSuite -->
  <testcase name="afterEverySuite" classname="testUtilities.TestBase">
    <skipped/>
  </testcase> <!-- afterEverySuite -->
  <testcase name="beforeSuite" classname="testUtilities.TestBase">
    <skipped/>
  </testcase> <!-- beforeSuite -->
  <testcase name="afterEverySuite" classname="testUtilities.TestBase">
    <skipped/>
  </testcase> <!-- afterEverySuite -->
</testsuite> <!-- tests.Home -->
